<?xml version="1.0" encoding="UTF-8"?>
<coverage generated="1760358602">
  <project timestamp="1760358602">
    <file name="/mnt/persist/workspace/src/Anorm.php">
      <class name="Anorm\Anorm" namespace="global">
        <metrics complexity="9" methods="4" coveredmethods="4" conditionals="0" coveredconditionals="0" statements="13" coveredstatements="13" elements="17" coveredelements="17"/>
      </class>
      <line num="26" type="method" name="connect" visibility="public" complexity="2" crap="2" count="3"/>
      <line num="28" type="stmt" count="3"/>
      <line num="29" type="stmt" count="3"/>
      <line num="31" type="stmt" count="2"/>
      <line num="42" type="method" name="use" visibility="public" complexity="2" crap="2" count="2"/>
      <line num="44" type="stmt" count="2"/>
      <line num="45" type="stmt" count="1"/>
      <line num="47" type="stmt" count="1"/>
      <line num="56" type="method" name="pdo" visibility="public" complexity="2" crap="2" count="89"/>
      <line num="58" type="stmt" count="89"/>
      <line num="59" type="stmt" count="1"/>
      <line num="61" type="stmt" count="88"/>
      <line num="67" type="method" name="__construct" visibility="private" complexity="3" crap="3" count="3"/>
      <line num="69" type="stmt" count="3"/>
      <line num="70" type="stmt" count="3"/>
      <line num="72" type="stmt" count="3"/>
      <line num="73" type="stmt" count="2"/>
      <metrics loc="76" ncloc="48" classes="1" methods="4" coveredmethods="4" conditionals="0" coveredconditionals="0" statements="13" coveredstatements="13" elements="17" coveredelements="17"/>
    </file>
    <file name="/mnt/persist/workspace/src/DataMapper.php">
      <class name="Anorm\DataMapper" namespace="global">
        <metrics complexity="50" methods="15" coveredmethods="15" conditionals="0" coveredconditionals="0" statements="127" coveredstatements="127" elements="142" coveredelements="142"/>
      </class>
      <line num="30" type="method" name="create" visibility="public" complexity="1" crap="1" count="191"/>
      <line num="32" type="stmt" count="191"/>
      <line num="33" type="stmt" count="191"/>
      <line num="36" type="method" name="createByClass" visibility="public" complexity="1" crap="1" count="189"/>
      <line num="38" type="stmt" count="189"/>
      <line num="46" type="method" name="__construct" visibility="private" complexity="1" crap="1" count="191"/>
      <line num="48" type="stmt" count="191"/>
      <line num="49" type="stmt" count="191"/>
      <line num="50" type="stmt" count="191"/>
      <line num="53" type="method" name="autoTable" visibility="public" complexity="5" crap="5" count="190"/>
      <line num="55" type="stmt" count="190"/>
      <line num="56" type="stmt" count="190"/>
      <line num="57" type="stmt" count="190"/>
      <line num="58" type="stmt" count="190"/>
      <line num="59" type="stmt" count="190"/>
      <line num="61" type="stmt" count="190"/>
      <line num="62" type="stmt" count="190"/>
      <line num="63" type="stmt" count="190"/>
      <line num="64" type="stmt" count="190"/>
      <line num="65" type="stmt" count="190"/>
      <line num="66" type="stmt" count="190"/>
      <line num="67" type="stmt" count="190"/>
      <line num="68" type="stmt" count="190"/>
      <line num="70" type="stmt" count="90"/>
      <line num="73" type="stmt" count="190"/>
      <line num="76" type="method" name="splitUpper" visibility="public" complexity="2" crap="2" count="195"/>
      <line num="78" type="stmt" count="195"/>
      <line num="79" type="stmt" count="195"/>
      <line num="80" type="stmt" count="195"/>
      <line num="81" type="stmt" count="194"/>
      <line num="83" type="stmt" count="189"/>
      <line num="86" type="method" name="propertyName" visibility="public" complexity="4" crap="4" count="193"/>
      <line num="88" type="stmt" count="193"/>
      <line num="89" type="stmt" count="193"/>
      <line num="90" type="stmt" count="193"/>
      <line num="91" type="stmt" count="193"/>
      <line num="92" type="stmt" count="193"/>
      <line num="93" type="stmt" count="193"/>
      <line num="94" type="stmt" count="193"/>
      <line num="95" type="stmt" count="88"/>
      <line num="98" type="stmt" count="193"/>
      <line num="101" type="method" name="autoMap" visibility="public" complexity="2" crap="2" count="190"/>
      <line num="103" type="stmt" count="190"/>
      <line num="104" type="stmt" count="190"/>
      <line num="105" type="stmt" count="190"/>
      <line num="107" type="stmt" count="190"/>
      <line num="110" type="method" name="write" visibility="public" complexity="17" crap="17" count="44"/>
      <line num="112" type="stmt" count="44"/>
      <line num="113" type="stmt" count="44"/>
      <line num="114" type="stmt" count="2"/>
      <line num="115" type="stmt" count="1"/>
      <line num="117" type="stmt" count="1"/>
      <line num="118" type="stmt" count="1"/>
      <line num="119" type="stmt" count="1"/>
      <line num="120" type="stmt" count="1"/>
      <line num="121" type="stmt" count="1"/>
      <line num="123" type="stmt" count="1"/>
      <line num="124" type="stmt" count="1"/>
      <line num="126" type="stmt" count="1"/>
      <line num="127" type="stmt" count="1"/>
      <line num="129" type="stmt" count="1"/>
      <line num="130" type="stmt" count="1"/>
      <line num="131" type="stmt" count="1"/>
      <line num="133" type="stmt" count="1"/>
      <line num="134" type="stmt" count="1"/>
      <line num="136" type="stmt" count="1"/>
      <line num="139" type="stmt" count="1"/>
      <line num="141" type="stmt" count="1"/>
      <line num="142" type="stmt" count="1"/>
      <line num="145" type="stmt" count="1"/>
      <line num="146" type="stmt" count="1"/>
      <line num="147" type="stmt" count="1"/>
      <line num="148" type="stmt" count="1"/>
      <line num="150" type="stmt" count="42"/>
      <line num="151" type="stmt" count="42"/>
      <line num="152" type="stmt" count="42"/>
      <line num="153" type="stmt" count="42"/>
      <line num="155" type="stmt" count="42"/>
      <line num="156" type="stmt" count="42"/>
      <line num="158" type="stmt" count="42"/>
      <line num="159" type="stmt" count="40"/>
      <line num="161" type="stmt" count="41"/>
      <line num="162" type="stmt" count="34"/>
      <line num="164" type="stmt" count="40"/>
      <line num="168" type="stmt" count="42"/>
      <line num="170" type="stmt" count="42"/>
      <line num="171" type="stmt" count="42"/>
      <line num="172" type="stmt" count="42"/>
      <line num="173" type="stmt" count="42"/>
      <line num="174" type="stmt" count="41"/>
      <line num="175" type="stmt" count="42"/>
      <line num="177" type="stmt" count="3"/>
      <line num="178" type="stmt" count="3"/>
      <line num="179" type="stmt" count="3"/>
      <line num="180" type="stmt" count="3"/>
      <line num="181" type="stmt" count="3"/>
      <line num="182" type="stmt" count="3"/>
      <line num="185" type="stmt" count="42"/>
      <line num="188" type="method" name="read" visibility="public" complexity="1" crap="1" count="15"/>
      <line num="190" type="stmt" count="15"/>
      <line num="192" type="stmt" count="15"/>
      <line num="193" type="stmt" count="15"/>
      <line num="194" type="stmt" count="15"/>
      <line num="195" type="stmt" count="15"/>
      <line num="196" type="stmt" count="15"/>
      <line num="199" type="method" name="dynamicWrapper" visibility="private" complexity="5" crap="5" count="133"/>
      <line num="201" type="stmt" count="133"/>
      <line num="202" type="stmt" count="133"/>
      <line num="204" type="stmt" count="133"/>
      <line num="205" type="stmt" count="8"/>
      <line num="206" type="stmt" count="8"/>
      <line num="207" type="stmt" count="2"/>
      <line num="209" type="stmt" count="6"/>
      <line num="210" type="stmt" count="6"/>
      <line num="214" type="stmt" count="6"/>
      <line num="225" type="method" name="query" visibility="public" complexity="1" crap="1" count="122"/>
      <line num="227" type="stmt" count="122"/>
      <line num="228" type="stmt" count="122"/>
      <line num="229" type="stmt" count="122"/>
      <line num="230" type="stmt" count="121"/>
      <line num="231" type="stmt" count="122"/>
      <line num="239" type="method" name="readRow" visibility="public" complexity="1" crap="1" count="22"/>
      <line num="241" type="stmt" count="22"/>
      <line num="242" type="stmt" count="22"/>
      <line num="245" type="method" name="readArray" visibility="public" complexity="7" crap="7" count="124"/>
      <line num="247" type="stmt" count="124"/>
      <line num="248" type="stmt" count="6"/>
      <line num="250" type="stmt" count="118"/>
      <line num="251" type="stmt" count="118"/>
      <line num="252" type="stmt" count="60"/>
      <line num="254" type="stmt" count="118"/>
      <line num="255" type="stmt" count="118"/>
      <line num="256" type="stmt" count="36"/>
      <line num="258" type="stmt" count="118"/>
      <line num="262" type="stmt" count="118"/>
      <line num="265" type="method" name="delete" visibility="public" complexity="1" crap="1" count="6"/>
      <line num="267" type="stmt" count="6"/>
      <line num="268" type="stmt" count="6"/>
      <line num="269" type="stmt" count="6"/>
      <line num="271" type="stmt" count="5"/>
      <line num="274" type="method" name="find" visibility="public" complexity="1" crap="1" count="118"/>
      <line num="276" type="stmt" count="118"/>
      <metrics loc="279" ncloc="250" classes="1" methods="15" coveredmethods="15" conditionals="0" coveredconditionals="0" statements="127" coveredstatements="127" elements="142" coveredelements="142"/>
    </file>
    <file name="/mnt/persist/workspace/src/MangoQuery.php">
      <class name="Anorm\MangoQuery" namespace="global">
        <metrics complexity="29" methods="12" coveredmethods="11" conditionals="0" coveredconditionals="0" statements="31" coveredstatements="30" elements="43" coveredelements="41"/>
      </class>
      <line num="18" type="method" name="__construct" visibility="public" complexity="1" crap="1" count="38"/>
      <line num="20" type="stmt" count="38"/>
      <line num="22" type="stmt" count="33"/>
      <line num="23" type="stmt" count="33"/>
      <line num="24" type="stmt" count="33"/>
      <line num="25" type="stmt" count="33"/>
      <line num="26" type="stmt" count="33"/>
      <line num="27" type="stmt" count="33"/>
      <line num="30" type="method" name="getSelector" visibility="public" complexity="1" crap="1" count="28"/>
      <line num="32" type="stmt" count="28"/>
      <line num="35" type="method" name="getFields" visibility="public" complexity="1" crap="1" count="5"/>
      <line num="37" type="stmt" count="5"/>
      <line num="40" type="method" name="getSort" visibility="public" complexity="1" crap="1" count="13"/>
      <line num="42" type="stmt" count="13"/>
      <line num="45" type="method" name="getLimit" visibility="public" complexity="1" crap="1" count="11"/>
      <line num="47" type="stmt" count="11"/>
      <line num="50" type="method" name="getSkip" visibility="public" complexity="1" crap="1" count="9"/>
      <line num="52" type="stmt" count="9"/>
      <line num="55" type="method" name="getUseIndex" visibility="public" complexity="1" crap="1" count="1"/>
      <line num="57" type="stmt" count="1"/>
      <line num="63" type="method" name="validateMangoQuery" visibility="private" complexity="15" crap="15.08" count="38"/>
      <line num="66" type="stmt" count="38"/>
      <line num="67" type="stmt" count="1"/>
      <line num="71" type="stmt" count="37"/>
      <line num="72" type="stmt" count="1"/>
      <line num="76" type="stmt" count="36"/>
      <line num="77" type="stmt" count="1"/>
      <line num="81" type="stmt" count="35"/>
      <line num="82" type="stmt" count="8"/>
      <line num="83" type="stmt" count="1"/>
      <line num="88" type="stmt" count="34"/>
      <line num="89" type="stmt" count="9"/>
      <line num="90" type="stmt" count="1"/>
      <line num="95" type="stmt" count="33"/>
      <line num="96" type="stmt" count="0"/>
      <line num="103" type="method" name="hasConditions" visibility="public" complexity="1" crap="1" count="32"/>
      <line num="105" type="stmt" count="32"/>
      <line num="111" type="method" name="hasFields" visibility="public" complexity="2" crap="2" count="32"/>
      <line num="113" type="stmt" count="32"/>
      <line num="119" type="method" name="hasSort" visibility="public" complexity="2" crap="2" count="31"/>
      <line num="121" type="stmt" count="31"/>
      <line num="127" type="method" name="hasPagination" visibility="public" complexity="2" crap="2" count="30"/>
      <line num="129" type="stmt" count="30"/>
      <metrics loc="132" ncloc="107" classes="1" methods="12" coveredmethods="11" conditionals="0" coveredconditionals="0" statements="31" coveredstatements="30" elements="43" coveredelements="41"/>
    </file>
    <file name="/mnt/persist/workspace/src/MangoQueryParser.php">
      <class name="Anorm\MangoQueryParser" namespace="global">
        <metrics complexity="95" methods="28" coveredmethods="22" conditionals="0" coveredconditionals="0" statements="196" coveredstatements="188" elements="224" coveredelements="210"/>
      </class>
      <line num="14" type="method" name="__construct" visibility="public" complexity="1" crap="1" count="66"/>
      <line num="16" type="stmt" count="66"/>
      <line num="22" type="method" name="parseSelector" visibility="public" complexity="2" crap="2" count="57"/>
      <line num="24" type="stmt" count="57"/>
      <line num="25" type="stmt" count="1"/>
      <line num="28" type="stmt" count="56"/>
      <line num="34" type="method" name="parseFields" visibility="public" complexity="3" crap="3" count="4"/>
      <line num="36" type="stmt" count="4"/>
      <line num="37" type="stmt" count="1"/>
      <line num="40" type="stmt" count="3"/>
      <line num="41" type="stmt" count="3"/>
      <line num="42" type="stmt" count="3"/>
      <line num="45" type="stmt" count="3"/>
      <line num="51" type="method" name="parseSort" visibility="public" complexity="7" crap="7.02" count="15"/>
      <line num="53" type="stmt" count="15"/>
      <line num="54" type="stmt" count="1"/>
      <line num="57" type="stmt" count="14"/>
      <line num="58" type="stmt" count="14"/>
      <line num="59" type="stmt" count="14"/>
      <line num="61" type="stmt" count="2"/>
      <line num="62" type="stmt" count="13"/>
      <line num="64" type="stmt" count="13"/>
      <line num="65" type="stmt" count="13"/>
      <line num="66" type="stmt" count="13"/>
      <line num="67" type="stmt" count="0"/>
      <line num="69" type="stmt" count="13"/>
      <line num="74" type="stmt" count="14"/>
      <line num="80" type="method" name="parseConditions" visibility="private" complexity="3" crap="3" count="56"/>
      <line num="82" type="stmt" count="56"/>
      <line num="84" type="stmt" count="56"/>
      <line num="85" type="stmt" count="56"/>
      <line num="87" type="stmt" count="13"/>
      <line num="90" type="stmt" count="51"/>
      <line num="95" type="stmt" count="45"/>
      <line num="101" type="method" name="isOperator" visibility="private" complexity="2" crap="2" count="56"/>
      <line num="104" type="stmt" count="56"/>
      <line num="105" type="stmt" count="45"/>
      <line num="110" type="stmt" count="51"/>
      <line num="111" type="stmt" count="51"/>
      <line num="112" type="stmt" count="51"/>
      <line num="113" type="stmt" count="51"/>
      <line num="114" type="stmt" count="51"/>
      <line num="116" type="stmt" count="51"/>
      <line num="122" type="method" name="normalizeOperator" visibility="private" complexity="1" crap="1" count="48"/>
      <line num="124" type="stmt" count="48"/>
      <line num="130" type="method" name="parseOperator" visibility="private" complexity="6" crap="6" count="13"/>
      <line num="132" type="stmt" count="13"/>
      <line num="135" type="stmt" count="13"/>
      <line num="136" type="stmt" count="4"/>
      <line num="137" type="stmt" count="10"/>
      <line num="138" type="stmt" count="4"/>
      <line num="139" type="stmt" count="6"/>
      <line num="140" type="stmt" count="2"/>
      <line num="141" type="stmt" count="4"/>
      <line num="142" type="stmt" count="3"/>
      <line num="144" type="stmt" count="1"/>
      <line num="151" type="method" name="parseFieldCondition" visibility="private" complexity="2" crap="2" count="51"/>
      <line num="153" type="stmt" count="51"/>
      <line num="155" type="stmt" count="51"/>
      <line num="157" type="stmt" count="40"/>
      <line num="160" type="stmt" count="15"/>
      <line num="167" type="method" name="parseFieldOperators" visibility="private" complexity="3" crap="3.03" count="40"/>
      <line num="169" type="stmt" count="40"/>
      <line num="171" type="stmt" count="40"/>
      <line num="172" type="stmt" count="40"/>
      <line num="173" type="stmt" count="0"/>
      <line num="176" type="stmt" count="40"/>
      <line num="177" type="stmt" count="40"/>
      <line num="180" type="stmt" count="34"/>
      <line num="186" type="method" name="parseFieldOperator" visibility="private" complexity="16" crap="16.28" count="40"/>
      <line num="189" type="stmt" count="40"/>
      <line num="190" type="stmt" count="0"/>
      <line num="191" type="stmt" count="40"/>
      <line num="192" type="stmt" count="2"/>
      <line num="193" type="stmt" count="38"/>
      <line num="194" type="stmt" count="3"/>
      <line num="195" type="stmt" count="36"/>
      <line num="196" type="stmt" count="7"/>
      <line num="197" type="stmt" count="31"/>
      <line num="198" type="stmt" count="0"/>
      <line num="199" type="stmt" count="31"/>
      <line num="200" type="stmt" count="0"/>
      <line num="201" type="stmt" count="31"/>
      <line num="202" type="stmt" count="8"/>
      <line num="203" type="stmt" count="23"/>
      <line num="204" type="stmt" count="3"/>
      <line num="205" type="stmt" count="20"/>
      <line num="206" type="stmt" count="3"/>
      <line num="207" type="stmt" count="17"/>
      <line num="208" type="stmt" count="5"/>
      <line num="209" type="stmt" count="13"/>
      <line num="210" type="stmt" count="5"/>
      <line num="211" type="stmt" count="9"/>
      <line num="212" type="stmt" count="2"/>
      <line num="213" type="stmt" count="7"/>
      <line num="214" type="stmt" count="3"/>
      <line num="215" type="stmt" count="4"/>
      <line num="216" type="stmt" count="3"/>
      <line num="218" type="stmt" count="1"/>
      <line num="225" type="method" name="mapFieldToColumn" visibility="private" complexity="2" crap="2" count="57"/>
      <line num="228" type="stmt" count="57"/>
      <line num="229" type="stmt" count="47"/>
      <line num="233" type="stmt" count="13"/>
      <line num="239" type="method" name="generateParamName" visibility="private" complexity="1" crap="1" count="36"/>
      <line num="241" type="stmt" count="36"/>
      <line num="247" type="method" name="createEqualityCondition" visibility="private" complexity="2" crap="2" count="15"/>
      <line num="249" type="stmt" count="15"/>
      <line num="250" type="stmt" count="2"/>
      <line num="253" type="stmt" count="13"/>
      <line num="254" type="stmt" count="13"/>
      <line num="260" type="method" name="createComparisonCondition" visibility="private" complexity="3" crap="3" count="11"/>
      <line num="262" type="stmt" count="11"/>
      <line num="263" type="stmt" count="1"/>
      <line num="264" type="stmt" count="1"/>
      <line num="267" type="stmt" count="10"/>
      <line num="268" type="stmt" count="10"/>
      <line num="274" type="method" name="createInCondition" visibility="private" complexity="4" crap="4" count="8"/>
      <line num="276" type="stmt" count="8"/>
      <line num="277" type="stmt" count="2"/>
      <line num="280" type="stmt" count="6"/>
      <line num="281" type="stmt" count="6"/>
      <line num="282" type="stmt" count="6"/>
      <line num="283" type="stmt" count="6"/>
      <line num="284" type="stmt" count="6"/>
      <line num="285" type="stmt" count="6"/>
      <line num="288" type="stmt" count="6"/>
      <line num="289" type="stmt" count="6"/>
      <line num="295" type="method" name="createNotInCondition" visibility="private" complexity="4" crap="4" count="3"/>
      <line num="297" type="stmt" count="3"/>
      <line num="298" type="stmt" count="2"/>
      <line num="301" type="stmt" count="1"/>
      <line num="302" type="stmt" count="1"/>
      <line num="303" type="stmt" count="1"/>
      <line num="304" type="stmt" count="1"/>
      <line num="305" type="stmt" count="1"/>
      <line num="306" type="stmt" count="1"/>
      <line num="309" type="stmt" count="1"/>
      <line num="310" type="stmt" count="1"/>
      <line num="316" type="method" name="createExistsCondition" visibility="private" complexity="2" crap="2" count="3"/>
      <line num="318" type="stmt" count="3"/>
      <line num="319" type="stmt" count="2"/>
      <line num="321" type="stmt" count="2"/>
      <line num="328" type="method" name="parseAndOperator" visibility="private" complexity="4" crap="4.03" count="4"/>
      <line num="330" type="stmt" count="4"/>
      <line num="331" type="stmt" count="1"/>
      <line num="334" type="stmt" count="3"/>
      <line num="335" type="stmt" count="3"/>
      <line num="336" type="stmt" count="3"/>
      <line num="337" type="stmt" count="0"/>
      <line num="339" type="stmt" count="3"/>
      <line num="342" type="stmt" count="3"/>
      <line num="348" type="method" name="parseOrOperator" visibility="private" complexity="4" crap="4.03" count="4"/>
      <line num="350" type="stmt" count="4"/>
      <line num="351" type="stmt" count="1"/>
      <line num="354" type="stmt" count="3"/>
      <line num="355" type="stmt" count="3"/>
      <line num="356" type="stmt" count="3"/>
      <line num="357" type="stmt" count="0"/>
      <line num="359" type="stmt" count="3"/>
      <line num="362" type="stmt" count="3"/>
      <line num="368" type="method" name="parseNotOperator" visibility="private" complexity="2" crap="2" count="2"/>
      <line num="370" type="stmt" count="2"/>
      <line num="371" type="stmt" count="1"/>
      <line num="374" type="stmt" count="1"/>
      <line num="375" type="stmt" count="1"/>
      <line num="381" type="method" name="parseNorOperator" visibility="private" complexity="4" crap="4.02" count="3"/>
      <line num="383" type="stmt" count="3"/>
      <line num="384" type="stmt" count="1"/>
      <line num="387" type="stmt" count="2"/>
      <line num="388" type="stmt" count="2"/>
      <line num="389" type="stmt" count="2"/>
      <line num="390" type="stmt" count="0"/>
      <line num="392" type="stmt" count="2"/>
      <line num="395" type="stmt" count="2"/>
      <line num="396" type="stmt" count="2"/>
      <line num="402" type="method" name="combineConditions" visibility="private" complexity="4" crap="4" count="45"/>
      <line num="405" type="stmt" count="45"/>
      <line num="406" type="stmt" count="45"/>
      <line num="407" type="stmt" count="45"/>
      <line num="409" type="stmt" count="45"/>
      <line num="410" type="stmt" count="2"/>
      <line num="413" type="stmt" count="43"/>
      <line num="414" type="stmt" count="43"/>
      <line num="417" type="stmt" count="10"/>
      <line num="418" type="stmt" count="10"/>
      <line num="419" type="stmt" count="10"/>
      <line num="422" type="stmt" count="10"/>
      <line num="428" type="method" name="createRegexCondition" visibility="private" complexity="2" crap="2" count="5"/>
      <line num="430" type="stmt" count="5"/>
      <line num="431" type="stmt" count="1"/>
      <line num="434" type="stmt" count="4"/>
      <line num="435" type="stmt" count="4"/>
      <line num="441" type="method" name="createBeginsWithCondition" visibility="private" complexity="2" crap="2" count="5"/>
      <line num="443" type="stmt" count="5"/>
      <line num="444" type="stmt" count="1"/>
      <line num="447" type="stmt" count="4"/>
      <line num="448" type="stmt" count="4"/>
      <line num="454" type="method" name="createAllCondition" visibility="private" complexity="3" crap="3" count="2"/>
      <line num="456" type="stmt" count="2"/>
      <line num="457" type="stmt" count="1"/>
      <line num="460" type="stmt" count="1"/>
      <line num="461" type="stmt" count="1"/>
      <line num="462" type="stmt" count="1"/>
      <line num="463" type="stmt" count="1"/>
      <line num="466" type="stmt" count="1"/>
      <line num="472" type="method" name="createElemMatchCondition" visibility="private" complexity="3" crap="3" count="3"/>
      <line num="474" type="stmt" count="3"/>
      <line num="475" type="stmt" count="1"/>
      <line num="480" type="stmt" count="2"/>
      <line num="484" type="stmt" count="2"/>
      <line num="485" type="stmt" count="1"/>
      <line num="486" type="stmt" count="1"/>
      <line num="487" type="stmt" count="1"/>
      <line num="489" type="stmt" count="1"/>
      <line num="490" type="stmt" count="1"/>
      <line num="491" type="stmt" count="1"/>
      <line num="492" type="stmt" count="1"/>
      <line num="493" type="stmt" count="1"/>
      <line num="497" type="stmt" count="1"/>
      <line num="503" type="method" name="createSizeCondition" visibility="private" complexity="3" crap="3" count="3"/>
      <line num="505" type="stmt" count="3"/>
      <line num="506" type="stmt" count="1"/>
      <line num="509" type="stmt" count="2"/>
      <line num="510" type="stmt" count="2"/>
      <metrics loc="513" ncloc="410" classes="1" methods="28" coveredmethods="22" conditionals="0" coveredconditionals="0" statements="196" coveredstatements="188" elements="224" coveredelements="210"/>
    </file>
    <file name="/mnt/persist/workspace/src/Model.php">
      <class name="Anorm\Model" namespace="global">
        <metrics complexity="44" methods="25" coveredmethods="16" conditionals="0" coveredconditionals="0" statements="160" coveredstatements="126" elements="185" coveredelements="142"/>
      </class>
      <line num="18" type="method" name="__construct" visibility="public" complexity="1" crap="1" count="189"/>
      <line num="20" type="stmt" count="189"/>
      <line num="21" type="stmt" count="189"/>
      <line num="22" type="stmt" count="189"/>
      <line num="23" type="stmt" count="189"/>
      <line num="30" type="method" name="getPdo" visibility="public" complexity="1" crap="1" count="14"/>
      <line num="32" type="stmt" count="14"/>
      <line num="38" type="method" name="write" visibility="public" complexity="2" crap="2" count="44"/>
      <line num="41" type="stmt" count="44"/>
      <line num="42" type="stmt" count="5"/>
      <line num="45" type="stmt" count="44"/>
      <line num="52" type="method" name="read" visibility="public" complexity="1" crap="1" count="13"/>
      <line num="54" type="stmt" count="13"/>
      <line num="62" type="method" name="readOrThrow" visibility="public" complexity="4" crap="4" count="3"/>
      <line num="64" type="stmt" count="3"/>
      <line num="65" type="stmt" count="3"/>
      <line num="66" type="stmt" count="2"/>
      <line num="67" type="stmt" count="2"/>
      <line num="68" type="stmt" count="2"/>
      <line num="69" type="stmt" count="2"/>
      <line num="70" type="stmt" count="2"/>
      <line num="72" type="stmt" count="2"/>
      <line num="74" type="stmt" count="1"/>
      <line num="91" type="method" name="hasMany" visibility="protected" complexity="2" crap="2.15" count="102"/>
      <line num="94" type="stmt" count="102"/>
      <line num="95" type="stmt" count="0"/>
      <line num="98" type="stmt" count="102"/>
      <line num="115" type="method" name="belongsTo" visibility="protected" complexity="2" crap="2.15" count="102"/>
      <line num="118" type="stmt" count="102"/>
      <line num="119" type="stmt" count="0"/>
      <line num="121" type="stmt" count="102"/>
      <line num="140" type="method" name="hasManyThrough" visibility="protected" complexity="2" crap="2.15" count="60"/>
      <line num="143" type="stmt" count="60"/>
      <line num="144" type="stmt" count="0"/>
      <line num="146" type="stmt" count="60"/>
      <line num="152" type="method" name="loadRelated" visibility="public" complexity="1" crap="1" count="41"/>
      <line num="154" type="stmt" count="41"/>
      <line num="160" type="method" name="loadAllRelated" visibility="public" complexity="1" crap="1" count="1"/>
      <line num="162" type="stmt" count="1"/>
      <line num="168" type="method" name="getRelationshipManager" visibility="public" complexity="1" crap="1" count="63"/>
      <line num="170" type="stmt" count="63"/>
      <line num="179" type="method" name="getPropertyNameFromClass" visibility="private" complexity="2" crap="6" count="0"/>
      <line num="182" type="stmt" count="0"/>
      <line num="183" type="stmt" count="0"/>
      <line num="184" type="stmt" count="0"/>
      <line num="187" type="stmt" count="0"/>
      <line num="190" type="stmt" count="0"/>
      <line num="191" type="stmt" count="0"/>
      <line num="194" type="stmt" count="0"/>
      <line num="201" type="method" name="cascadeDelete" visibility="protected" complexity="1" crap="1" count="1"/>
      <line num="203" type="stmt" count="1"/>
      <line num="204" type="stmt" count="1"/>
      <line num="205" type="stmt" count="1"/>
      <line num="206" type="stmt" count="1"/>
      <line num="207" type="stmt" count="1"/>
      <line num="208" type="stmt" count="1"/>
      <line num="215" type="method" name="setNullDelete" visibility="protected" complexity="1" crap="2" count="0"/>
      <line num="217" type="stmt" count="0"/>
      <line num="218" type="stmt" count="0"/>
      <line num="219" type="stmt" count="0"/>
      <line num="220" type="stmt" count="0"/>
      <line num="221" type="stmt" count="0"/>
      <line num="222" type="stmt" count="0"/>
      <line num="229" type="method" name="restrictDelete" visibility="protected" complexity="1" crap="2" count="0"/>
      <line num="231" type="stmt" count="0"/>
      <line num="232" type="stmt" count="0"/>
      <line num="233" type="stmt" count="0"/>
      <line num="234" type="stmt" count="0"/>
      <line num="235" type="stmt" count="0"/>
      <line num="236" type="stmt" count="0"/>
      <line num="246" type="method" name="constraintOptions" visibility="protected" complexity="2" crap="6" count="0"/>
      <line num="248" type="stmt" count="0"/>
      <line num="249" type="stmt" count="0"/>
      <line num="250" type="stmt" count="0"/>
      <line num="251" type="stmt" count="0"/>
      <line num="252" type="stmt" count="0"/>
      <line num="253" type="stmt" count="0"/>
      <line num="255" type="stmt" count="0"/>
      <line num="256" type="stmt" count="0"/>
      <line num="259" type="stmt" count="0"/>
      <line num="267" type="method" name="createForeignKeyConstraints" visibility="public" complexity="3" crap="3.07" count="5"/>
      <line num="269" type="stmt" count="5"/>
      <line num="270" type="stmt" count="0"/>
      <line num="273" type="stmt" count="5"/>
      <line num="275" type="stmt" count="5"/>
      <line num="276" type="stmt" count="4"/>
      <line num="283" type="method" name="createForeignKeyFromRelationship" visibility="private" complexity="4" crap="4" count="4"/>
      <line num="285" type="stmt" count="4"/>
      <line num="287" type="stmt" count="4"/>
      <line num="289" type="stmt" count="4"/>
      <line num="290" type="stmt" count="4"/>
      <line num="291" type="stmt" count="4"/>
      <line num="292" type="stmt" count="4"/>
      <line num="293" type="stmt" count="4"/>
      <line num="294" type="stmt" count="4"/>
      <line num="295" type="stmt" count="4"/>
      <line num="296" type="stmt" count="4"/>
      <line num="298" type="stmt" count="4"/>
      <line num="299" type="stmt" count="4"/>
      <line num="300" type="stmt" count="4"/>
      <line num="301" type="stmt" count="4"/>
      <line num="302" type="stmt" count="4"/>
      <line num="303" type="stmt" count="4"/>
      <line num="304" type="stmt" count="4"/>
      <line num="305" type="stmt" count="2"/>
      <line num="307" type="stmt" count="2"/>
      <line num="314" type="method" name="createManyToManyConstraints" visibility="private" complexity="1" crap="1" count="2"/>
      <line num="317" type="stmt" count="2"/>
      <line num="318" type="stmt" count="2"/>
      <line num="319" type="stmt" count="2"/>
      <line num="320" type="stmt" count="2"/>
      <line num="321" type="stmt" count="2"/>
      <line num="324" type="stmt" count="2"/>
      <line num="327" type="stmt" count="2"/>
      <line num="328" type="stmt" count="2"/>
      <line num="329" type="stmt" count="2"/>
      <line num="330" type="stmt" count="2"/>
      <line num="331" type="stmt" count="2"/>
      <line num="332" type="stmt" count="2"/>
      <line num="333" type="stmt" count="2"/>
      <line num="335" type="stmt" count="2"/>
      <line num="336" type="stmt" count="2"/>
      <line num="337" type="stmt" count="2"/>
      <line num="338" type="stmt" count="2"/>
      <line num="339" type="stmt" count="2"/>
      <line num="340" type="stmt" count="2"/>
      <line num="341" type="stmt" count="2"/>
      <line num="347" type="method" name="createJoinTable" visibility="private" complexity="1" crap="1" count="2"/>
      <line num="349" type="stmt" count="2"/>
      <line num="350" type="stmt" count="2"/>
      <line num="351" type="stmt" count="2"/>
      <line num="352" type="stmt" count="2"/>
      <line num="353" type="stmt" count="2"/>
      <line num="354" type="stmt" count="2"/>
      <line num="355" type="stmt" count="2"/>
      <line num="357" type="stmt" count="2"/>
      <line num="363" type="method" name="createForeignKey" visibility="private" complexity="3" crap="3.01" count="4"/>
      <line num="365" type="stmt" count="4"/>
      <line num="366" type="stmt" count="4"/>
      <line num="367" type="stmt" count="4"/>
      <line num="370" type="stmt" count="4"/>
      <line num="371" type="stmt" count="4"/>
      <line num="375" type="stmt" count="4"/>
      <line num="378" type="stmt" count="4"/>
      <line num="381" type="stmt" count="4"/>
      <line num="383" type="stmt" count="4"/>
      <line num="384" type="stmt" count="4"/>
      <line num="385" type="stmt" count="4"/>
      <line num="386" type="stmt" count="4"/>
      <line num="387" type="stmt" count="4"/>
      <line num="388" type="stmt" count="4"/>
      <line num="391" type="stmt" count="4"/>
      <line num="392" type="stmt" count="0"/>
      <line num="394" type="stmt" count="0"/>
      <line num="401" type="method" name="foreignKeyExists" visibility="private" complexity="1" crap="1" count="4"/>
      <line num="403" type="stmt" count="4"/>
      <line num="408" type="stmt" count="4"/>
      <line num="410" type="stmt" count="4"/>
      <line num="411" type="stmt" count="4"/>
      <line num="412" type="stmt" count="4"/>
      <line num="414" type="stmt" count="4"/>
      <line num="420" type="method" name="ensureTableExists" visibility="private" complexity="1" crap="1" count="4"/>
      <line num="422" type="stmt" count="4"/>
      <line num="424" type="stmt" count="4"/>
      <line num="425" type="stmt" count="4"/>
      <line num="431" type="method" name="ensureColumnExists" visibility="private" complexity="2" crap="2" count="4"/>
      <line num="434" type="stmt" count="4"/>
      <line num="437" type="stmt" count="4"/>
      <line num="441" type="stmt" count="4"/>
      <line num="443" type="stmt" count="4"/>
      <line num="444" type="stmt" count="4"/>
      <line num="445" type="stmt" count="4"/>
      <line num="447" type="stmt" count="4"/>
      <line num="449" type="stmt" count="4"/>
      <line num="450" type="stmt" count="4"/>
      <line num="451" type="stmt" count="4"/>
      <line num="458" type="method" name="getTableNameFromModelClass" visibility="private" complexity="3" crap="3" count="4"/>
      <line num="461" type="stmt" count="4"/>
      <line num="462" type="stmt" count="4"/>
      <line num="465" type="stmt" count="4"/>
      <line num="468" type="stmt" count="4"/>
      <line num="469" type="stmt" count="4"/>
      <line num="470" type="stmt" count="4"/>
      <line num="471" type="stmt" count="4"/>
      <line num="474" type="stmt" count="4"/>
      <metrics loc="477" ncloc="326" classes="1" methods="25" coveredmethods="16" conditionals="0" coveredconditionals="0" statements="160" coveredstatements="126" elements="185" coveredelements="142"/>
    </file>
    <file name="/mnt/persist/workspace/src/QueryBuilder.php">
      <class name="Anorm\QueryBuilder" namespace="global">
        <metrics complexity="56" methods="26" coveredmethods="25" conditionals="0" coveredconditionals="0" statements="129" coveredstatements="117" elements="155" coveredelements="142"/>
      </class>
      <line num="27" type="method" name="__construct" visibility="public" complexity="3" crap="3" count="120"/>
      <line num="29" type="stmt" count="120"/>
      <line num="30" type="stmt" count="119"/>
      <line num="31" type="stmt" count="119"/>
      <line num="33" type="stmt" count="1"/>
      <line num="35" type="stmt" count="119"/>
      <line num="36" type="stmt" count="119"/>
      <line num="39" type="method" name="select" visibility="public" complexity="1" crap="1" count="112"/>
      <line num="41" type="stmt" count="112"/>
      <line num="42" type="stmt" count="112"/>
      <line num="45" type="method" name="ensureSelect" visibility="private" complexity="2" crap="2" count="112"/>
      <line num="47" type="stmt" count="112"/>
      <line num="48" type="stmt" count="108"/>
      <line num="52" type="method" name="from" visibility="public" complexity="1" crap="1" count="112"/>
      <line num="54" type="stmt" count="112"/>
      <line num="55" type="stmt" count="112"/>
      <line num="56" type="stmt" count="112"/>
      <line num="59" type="method" name="ensureFrom" visibility="private" complexity="2" crap="2" count="112"/>
      <line num="61" type="stmt" count="112"/>
      <line num="62" type="stmt" count="110"/>
      <line num="66" type="method" name="join" visibility="public" complexity="1" crap="1" count="1"/>
      <line num="68" type="stmt" count="1"/>
      <line num="69" type="stmt" count="1"/>
      <line num="70" type="stmt" count="1"/>
      <line num="83" type="method" name="with" visibility="public" complexity="5" crap="5" count="30"/>
      <line num="85" type="stmt" count="30"/>
      <line num="86" type="stmt" count="1"/>
      <line num="90" type="stmt" count="30"/>
      <line num="91" type="stmt" count="29"/>
      <line num="92" type="stmt" count="3"/>
      <line num="96" type="stmt" count="27"/>
      <line num="97" type="stmt" count="27"/>
      <line num="106" type="method" name="joinRelationship" visibility="public" complexity="2" crap="6" count="0"/>
      <line num="108" type="stmt" count="0"/>
      <line num="109" type="stmt" count="0"/>
      <line num="111" type="stmt" count="0"/>
      <line num="112" type="stmt" count="0"/>
      <line num="116" type="stmt" count="0"/>
      <line num="117" type="stmt" count="0"/>
      <line num="118" type="stmt" count="0"/>
      <line num="119" type="stmt" count="0"/>
      <line num="122" type="stmt" count="0"/>
      <line num="123" type="stmt" count="0"/>
      <line num="125" type="stmt" count="0"/>
      <line num="126" type="stmt" count="0"/>
      <line num="129" type="method" name="where" visibility="public" complexity="2" crap="2" count="34"/>
      <line num="131" type="stmt" count="34"/>
      <line num="133" type="stmt" count="34"/>
      <line num="135" type="stmt" count="25"/>
      <line num="136" type="stmt" count="25"/>
      <line num="139" type="stmt" count="9"/>
      <line num="140" type="stmt" count="9"/>
      <line num="143" type="stmt" count="34"/>
      <line num="146" type="method" name="groupBy" visibility="public" complexity="1" crap="1" count="2"/>
      <line num="148" type="stmt" count="2"/>
      <line num="149" type="stmt" count="2"/>
      <line num="150" type="stmt" count="2"/>
      <line num="153" type="method" name="having" visibility="public" complexity="1" crap="1" count="1"/>
      <line num="155" type="stmt" count="1"/>
      <line num="156" type="stmt" count="1"/>
      <line num="157" type="stmt" count="1"/>
      <line num="160" type="method" name="orderBy" visibility="public" complexity="1" crap="1" count="14"/>
      <line num="162" type="stmt" count="14"/>
      <line num="163" type="stmt" count="14"/>
      <line num="164" type="stmt" count="14"/>
      <line num="167" type="method" name="some" visibility="public" complexity="3" crap="3" count="101"/>
      <line num="169" type="stmt" count="101"/>
      <line num="171" type="stmt" count="22"/>
      <line num="174" type="stmt" count="83"/>
      <line num="181" type="method" name="someWithBatchLoading" visibility="private" complexity="5" crap="5" count="22"/>
      <line num="183" type="stmt" count="22"/>
      <line num="185" type="stmt" count="22"/>
      <line num="186" type="stmt" count="22"/>
      <line num="189" type="stmt" count="22"/>
      <line num="190" type="stmt" count="22"/>
      <line num="192" type="stmt" count="22"/>
      <line num="193" type="stmt" count="22"/>
      <line num="194" type="stmt" count="22"/>
      <line num="195" type="stmt" count="22"/>
      <line num="199" type="stmt" count="22"/>
      <line num="200" type="stmt" count="22"/>
      <line num="204" type="stmt" count="22"/>
      <line num="205" type="stmt" count="22"/>
      <line num="212" type="method" name="someWithIndividualLoading" visibility="private" complexity="2" crap="2" count="83"/>
      <line num="214" type="stmt" count="83"/>
      <line num="216" type="stmt" count="83"/>
      <line num="217" type="stmt" count="83"/>
      <line num="219" type="stmt" count="83"/>
      <line num="221" type="stmt" count="83"/>
      <line num="222" type="stmt" count="83"/>
      <line num="223" type="stmt" count="83"/>
      <line num="226" type="stmt" count="83"/>
      <line num="228" type="stmt" count="83"/>
      <line num="232" type="method" name="limit" visibility="public" complexity="2" crap="2" count="16"/>
      <line num="234" type="stmt" count="16"/>
      <line num="235" type="stmt" count="16"/>
      <line num="236" type="stmt" count="16"/>
      <line num="238" type="stmt" count="16"/>
      <line num="241" type="method" name="one" visibility="public" complexity="2" crap="2" count="7"/>
      <line num="244" type="stmt" count="7"/>
      <line num="245" type="stmt" count="7"/>
      <line num="246" type="stmt" count="7"/>
      <line num="247" type="stmt" count="7"/>
      <line num="248" type="stmt" count="7"/>
      <line num="249" type="stmt" count="3"/>
      <line num="253" type="stmt" count="4"/>
      <line num="255" type="stmt" count="4"/>
      <line num="258" type="method" name="oneOrThrow" visibility="public" complexity="2" crap="2" count="2"/>
      <line num="260" type="stmt" count="2"/>
      <line num="261" type="stmt" count="2"/>
      <line num="262" type="stmt" count="1"/>
      <line num="264" type="stmt" count="1"/>
      <line num="273" type="method" name="fromMango" visibility="public" complexity="1" crap="1" count="29"/>
      <line num="275" type="stmt" count="29"/>
      <line num="276" type="stmt" count="29"/>
      <line num="277" type="stmt" count="29"/>
      <line num="283" type="method" name="mango" visibility="public" complexity="1" crap="1" count="1"/>
      <line num="285" type="stmt" count="1"/>
      <line num="291" type="method" name="applyMangoQuery" visibility="private" complexity="9" crap="9" count="29"/>
      <line num="294" type="stmt" count="29"/>
      <line num="295" type="stmt" count="29"/>
      <line num="298" type="stmt" count="29"/>
      <line num="299" type="stmt" count="2"/>
      <line num="300" type="stmt" count="2"/>
      <line num="304" type="stmt" count="29"/>
      <line num="305" type="stmt" count="25"/>
      <line num="306" type="stmt" count="25"/>
      <line num="307" type="stmt" count="25"/>
      <line num="312" type="stmt" count="29"/>
      <line num="313" type="stmt" count="12"/>
      <line num="314" type="stmt" count="12"/>
      <line num="315" type="stmt" count="12"/>
      <line num="320" type="stmt" count="29"/>
      <line num="321" type="stmt" count="8"/>
      <line num="322" type="stmt" count="8"/>
      <line num="324" type="stmt" count="8"/>
      <line num="325" type="stmt" count="4"/>
      <line num="326" type="stmt" count="4"/>
      <line num="328" type="stmt" count="3"/>
      <line num="339" type="method" name="loadEagerRelationships" visibility="private" complexity="3" crap="3" count="87"/>
      <line num="341" type="stmt" count="87"/>
      <line num="342" type="stmt" count="80"/>
      <line num="345" type="stmt" count="7"/>
      <line num="346" type="stmt" count="7"/>
      <line num="356" type="method" name="enableBatchLoading" visibility="public" complexity="1" crap="1" count="5"/>
      <line num="358" type="stmt" count="5"/>
      <line num="359" type="stmt" count="5"/>
      <line num="367" type="method" name="disableBatchLoading" visibility="public" complexity="1" crap="1" count="9"/>
      <line num="369" type="stmt" count="9"/>
      <line num="370" type="stmt" count="9"/>
      <line num="378" type="method" name="isBatchLoadingEnabled" visibility="public" complexity="1" crap="1" count="5"/>
      <line num="380" type="stmt" count="5"/>
      <line num="389" type="method" name="setBatchLoadingConfig" visibility="public" complexity="1" crap="1" count="18"/>
      <line num="391" type="stmt" count="18"/>
      <line num="392" type="stmt" count="18"/>
      <metrics loc="395" ncloc="307" classes="1" methods="26" coveredmethods="25" conditionals="0" coveredconditionals="0" statements="129" coveredstatements="117" elements="155" coveredelements="142"/>
    </file>
    <file name="/mnt/persist/workspace/src/Relationship/BatchLoader/BatchLoaderInterface.php">
      <metrics loc="41" ncloc="11" classes="0" methods="0" coveredmethods="0" conditionals="0" coveredconditionals="0" statements="0" coveredstatements="0" elements="0" coveredelements="0"/>
    </file>
    <file name="/mnt/persist/workspace/src/Relationship/BatchLoader/ManyHasManyBatchLoader.php">
      <class name="Anorm\Relationship\BatchLoader\ManyHasManyBatchLoader" namespace="global">
        <metrics complexity="19" methods="6" coveredmethods="4" conditionals="0" coveredconditionals="0" statements="60" coveredstatements="25" elements="66" coveredelements="29"/>
      </class>
      <line num="21" type="method" name="batchLoad" visibility="public" complexity="10" crap="63.30" count="4"/>
      <line num="23" type="stmt" count="4"/>
      <line num="24" type="stmt" count="2"/>
      <line num="28" type="stmt" count="2"/>
      <line num="29" type="stmt" count="2"/>
      <line num="30" type="stmt" count="2"/>
      <line num="32" type="stmt" count="2"/>
      <line num="33" type="stmt" count="2"/>
      <line num="37" type="stmt" count="0"/>
      <line num="38" type="stmt" count="0"/>
      <line num="39" type="stmt" count="0"/>
      <line num="40" type="stmt" count="0"/>
      <line num="41" type="stmt" count="0"/>
      <line num="45" type="stmt" count="0"/>
      <line num="46" type="stmt" count="0"/>
      <line num="50" type="stmt" count="0"/>
      <line num="53" type="stmt" count="0"/>
      <line num="54" type="stmt" count="0"/>
      <line num="55" type="stmt" count="0"/>
      <line num="58" type="stmt" count="0"/>
      <line num="61" type="stmt" count="0"/>
      <line num="62" type="stmt" count="0"/>
      <line num="65" type="stmt" count="0"/>
      <line num="68" type="stmt" count="0"/>
      <line num="69" type="stmt" count="0"/>
      <line num="70" type="stmt" count="0"/>
      <line num="71" type="stmt" count="0"/>
      <line num="74" type="stmt" count="0"/>
      <line num="77" type="stmt" count="0"/>
      <line num="78" type="stmt" count="0"/>
      <line num="79" type="stmt" count="0"/>
      <line num="82" type="stmt" count="0"/>
      <line num="85" type="stmt" count="0"/>
      <line num="86" type="stmt" count="0"/>
      <line num="89" type="stmt" count="0"/>
      <line num="90" type="stmt" count="0"/>
      <line num="92" type="stmt" count="0"/>
      <line num="95" type="stmt" count="0"/>
      <line num="106" type="method" name="distributeBatchResults" visibility="public" complexity="4" crap="6.00" count="3"/>
      <line num="109" type="stmt" count="3"/>
      <line num="110" type="stmt" count="3"/>
      <line num="111" type="stmt" count="2"/>
      <line num="113" type="stmt" count="2"/>
      <line num="114" type="stmt" count="2"/>
      <line num="117" type="stmt" count="0"/>
      <line num="118" type="stmt" count="0"/>
      <line num="121" type="stmt" count="0"/>
      <line num="122" type="stmt" count="0"/>
      <line num="125" type="stmt" count="0"/>
      <line num="136" type="method" name="estimateQueryCount" visibility="public" complexity="2" crap="2" count="1"/>
      <line num="138" type="stmt" count="1"/>
      <line num="147" type="method" name="canHandle" visibility="public" complexity="1" crap="1" count="1"/>
      <line num="149" type="stmt" count="1"/>
      <line num="157" type="method" name="getMaxBatchSize" visibility="public" complexity="1" crap="1" count="2"/>
      <line num="160" type="stmt" count="2"/>
      <line num="170" type="method" name="estimateComplexity" visibility="public" complexity="1" crap="1" count="1"/>
      <line num="172" type="stmt" count="1"/>
      <line num="175" type="stmt" count="1"/>
      <line num="176" type="stmt" count="1"/>
      <line num="178" type="stmt" count="1"/>
      <line num="179" type="stmt" count="1"/>
      <line num="180" type="stmt" count="1"/>
      <line num="181" type="stmt" count="1"/>
      <line num="182" type="stmt" count="1"/>
      <line num="183" type="stmt" count="1"/>
      <line num="184" type="stmt" count="1"/>
      <metrics loc="187" ncloc="120" classes="1" methods="6" coveredmethods="4" conditionals="0" coveredconditionals="0" statements="60" coveredstatements="25" elements="66" coveredelements="29"/>
    </file>
    <file name="/mnt/persist/workspace/src/Relationship/BatchLoader/ManyHasOneBatchLoader.php">
      <class name="Anorm\Relationship\BatchLoader\ManyHasOneBatchLoader" namespace="global">
        <metrics complexity="23" methods="6" coveredmethods="4" conditionals="0" coveredconditionals="0" statements="59" coveredstatements="55" elements="65" coveredelements="59"/>
      </class>
      <line num="21" type="method" name="batchLoad" visibility="public" complexity="9" crap="9" count="6"/>
      <line num="23" type="stmt" count="6"/>
      <line num="24" type="stmt" count="1"/>
      <line num="28" type="stmt" count="5"/>
      <line num="29" type="stmt" count="5"/>
      <line num="30" type="stmt" count="5"/>
      <line num="32" type="stmt" count="5"/>
      <line num="33" type="stmt" count="0"/>
      <line num="37" type="stmt" count="5"/>
      <line num="38" type="stmt" count="5"/>
      <line num="39" type="stmt" count="5"/>
      <line num="40" type="stmt" count="5"/>
      <line num="41" type="stmt" count="4"/>
      <line num="45" type="stmt" count="5"/>
      <line num="46" type="stmt" count="1"/>
      <line num="50" type="stmt" count="4"/>
      <line num="53" type="stmt" count="4"/>
      <line num="54" type="stmt" count="4"/>
      <line num="55" type="stmt" count="4"/>
      <line num="58" type="stmt" count="4"/>
      <line num="61" type="stmt" count="4"/>
      <line num="62" type="stmt" count="4"/>
      <line num="65" type="stmt" count="1"/>
      <line num="68" type="stmt" count="4"/>
      <line num="73" type="stmt" count="4"/>
      <line num="76" type="stmt" count="4"/>
      <line num="77" type="stmt" count="4"/>
      <line num="78" type="stmt" count="4"/>
      <line num="81" type="stmt" count="4"/>
      <line num="82" type="stmt" count="4"/>
      <line num="85" type="stmt" count="4"/>
      <line num="88" type="stmt" count="4"/>
      <line num="99" type="method" name="distributeBatchResults" visibility="public" complexity="5" crap="5" count="6"/>
      <line num="102" type="stmt" count="6"/>
      <line num="103" type="stmt" count="6"/>
      <line num="104" type="stmt" count="6"/>
      <line num="106" type="stmt" count="6"/>
      <line num="107" type="stmt" count="1"/>
      <line num="110" type="stmt" count="5"/>
      <line num="111" type="stmt" count="5"/>
      <line num="114" type="stmt" count="5"/>
      <line num="115" type="stmt" count="4"/>
      <line num="118" type="stmt" count="1"/>
      <line num="129" type="method" name="estimateQueryCount" visibility="public" complexity="2" crap="2" count="1"/>
      <line num="131" type="stmt" count="1"/>
      <line num="140" type="method" name="canHandle" visibility="public" complexity="1" crap="1" count="1"/>
      <line num="142" type="stmt" count="1"/>
      <line num="150" type="method" name="getMaxBatchSize" visibility="public" complexity="1" crap="1" count="1"/>
      <line num="153" type="stmt" count="1"/>
      <line num="163" type="method" name="getBatchStatistics" visibility="public" complexity="5" crap="5.20" count="1"/>
      <line num="165" type="stmt" count="1"/>
      <line num="166" type="stmt" count="1"/>
      <line num="167" type="stmt" count="1"/>
      <line num="168" type="stmt" count="1"/>
      <line num="169" type="stmt" count="1"/>
      <line num="171" type="stmt" count="1"/>
      <line num="172" type="stmt" count="0"/>
      <line num="173" type="stmt" count="0"/>
      <line num="174" type="stmt" count="0"/>
      <line num="179" type="stmt" count="1"/>
      <line num="180" type="stmt" count="1"/>
      <line num="181" type="stmt" count="1"/>
      <line num="182" type="stmt" count="1"/>
      <line num="183" type="stmt" count="1"/>
      <line num="184" type="stmt" count="1"/>
      <metrics loc="187" ncloc="123" classes="1" methods="6" coveredmethods="4" conditionals="0" coveredconditionals="0" statements="59" coveredstatements="55" elements="65" coveredelements="59"/>
    </file>
    <file name="/mnt/persist/workspace/src/Relationship/BatchLoader/OneHasManyBatchLoader.php">
      <class name="Anorm\Relationship\BatchLoader\OneHasManyBatchLoader" namespace="global">
        <metrics complexity="18" methods="5" coveredmethods="4" conditionals="0" coveredconditionals="0" statements="46" coveredstatements="45" elements="51" coveredelements="49"/>
      </class>
      <line num="21" type="method" name="batchLoad" visibility="public" complexity="10" crap="10" count="14"/>
      <line num="23" type="stmt" count="14"/>
      <line num="24" type="stmt" count="3"/>
      <line num="28" type="stmt" count="11"/>
      <line num="29" type="stmt" count="11"/>
      <line num="30" type="stmt" count="11"/>
      <line num="32" type="stmt" count="11"/>
      <line num="33" type="stmt" count="0"/>
      <line num="37" type="stmt" count="11"/>
      <line num="38" type="stmt" count="11"/>
      <line num="39" type="stmt" count="11"/>
      <line num="40" type="stmt" count="11"/>
      <line num="41" type="stmt" count="10"/>
      <line num="45" type="stmt" count="10"/>
      <line num="46" type="stmt" count="1"/>
      <line num="50" type="stmt" count="9"/>
      <line num="53" type="stmt" count="9"/>
      <line num="54" type="stmt" count="9"/>
      <line num="55" type="stmt" count="9"/>
      <line num="58" type="stmt" count="9"/>
      <line num="61" type="stmt" count="9"/>
      <line num="62" type="stmt" count="9"/>
      <line num="65" type="stmt" count="1"/>
      <line num="68" type="stmt" count="9"/>
      <line num="71" type="stmt" count="9"/>
      <line num="74" type="stmt" count="9"/>
      <line num="75" type="stmt" count="9"/>
      <line num="76" type="stmt" count="9"/>
      <line num="79" type="stmt" count="9"/>
      <line num="80" type="stmt" count="9"/>
      <line num="83" type="stmt" count="9"/>
      <line num="84" type="stmt" count="9"/>
      <line num="86" type="stmt" count="9"/>
      <line num="89" type="stmt" count="9"/>
      <line num="100" type="method" name="distributeBatchResults" visibility="public" complexity="4" crap="4" count="13"/>
      <line num="103" type="stmt" count="13"/>
      <line num="104" type="stmt" count="13"/>
      <line num="105" type="stmt" count="13"/>
      <line num="107" type="stmt" count="13"/>
      <line num="108" type="stmt" count="1"/>
      <line num="111" type="stmt" count="12"/>
      <line num="112" type="stmt" count="12"/>
      <line num="115" type="stmt" count="12"/>
      <line num="116" type="stmt" count="9"/>
      <line num="119" type="stmt" count="11"/>
      <line num="130" type="method" name="estimateQueryCount" visibility="public" complexity="2" crap="2" count="1"/>
      <line num="132" type="stmt" count="1"/>
      <line num="141" type="method" name="canHandle" visibility="public" complexity="1" crap="1" count="1"/>
      <line num="143" type="stmt" count="1"/>
      <line num="151" type="method" name="getMaxBatchSize" visibility="public" complexity="1" crap="1" count="1"/>
      <line num="154" type="stmt" count="1"/>
      <metrics loc="157" ncloc="101" classes="1" methods="5" coveredmethods="4" conditionals="0" coveredconditionals="0" statements="46" coveredstatements="45" elements="51" coveredelements="49"/>
    </file>
    <file name="/mnt/persist/workspace/src/Relationship/BatchLoadingOrchestrator.php">
      <class name="Anorm\Relationship\BatchLoadingOrchestrator" namespace="global">
        <metrics complexity="30" methods="11" coveredmethods="7" conditionals="0" coveredconditionals="0" statements="66" coveredstatements="56" elements="77" coveredelements="63"/>
      </class>
      <line num="26" type="method" name="__construct" visibility="public" complexity="3" crap="3" count="123"/>
      <line num="31" type="stmt" count="123"/>
      <line num="32" type="stmt" count="123"/>
      <line num="33" type="stmt" count="123"/>
      <line num="43" type="method" name="loadRelationshipsForModels" visibility="public" complexity="4" crap="4" count="33"/>
      <line num="45" type="stmt" count="33"/>
      <line num="46" type="stmt" count="2"/>
      <line num="50" type="stmt" count="31"/>
      <line num="53" type="stmt" count="31"/>
      <line num="55" type="stmt" count="31"/>
      <line num="56" type="stmt" count="31"/>
      <line num="67" type="method" name="loadRelationshipsForModelClass" visibility="private" complexity="4" crap="4.02" count="32"/>
      <line num="69" type="stmt" count="32"/>
      <line num="70" type="stmt" count="0"/>
      <line num="74" type="stmt" count="32"/>
      <line num="75" type="stmt" count="32"/>
      <line num="77" type="stmt" count="32"/>
      <line num="78" type="stmt" count="32"/>
      <line num="80" type="stmt" count="32"/>
      <line num="82" type="stmt" count="3"/>
      <line num="85" type="stmt" count="31"/>
      <line num="97" type="method" name="loadSingleRelationship" visibility="private" complexity="5" crap="5.12" count="31"/>
      <line num="99" type="stmt" count="31"/>
      <line num="100" type="stmt" count="31"/>
      <line num="103" type="stmt" count="31"/>
      <line num="109" type="stmt" count="31"/>
      <line num="110" type="stmt" count="5"/>
      <line num="111" type="stmt" count="5"/>
      <line num="113" type="stmt" count="26"/>
      <line num="116" type="stmt" count="0"/>
      <line num="117" type="stmt" count="0"/>
      <line num="119" type="stmt" count="26"/>
      <line num="121" type="stmt" count="26"/>
      <line num="122" type="stmt" count="26"/>
      <line num="134" type="method" name="executeBatchLoading" visibility="private" complexity="3" crap="4.12" count="6"/>
      <line num="138" type="stmt" count="6"/>
      <line num="139" type="stmt" count="6"/>
      <line num="142" type="stmt" count="6"/>
      <line num="145" type="stmt" count="6"/>
      <line num="147" type="stmt" count="0"/>
      <line num="149" type="stmt" count="0"/>
      <line num="150" type="stmt" count="0"/>
      <line num="152" type="stmt" count="0"/>
      <line num="163" type="method" name="executeIndividualLoading" visibility="private" complexity="4" crap="6.00" count="26"/>
      <line num="165" type="stmt" count="26"/>
      <line num="167" type="stmt" count="26"/>
      <line num="169" type="stmt" count="26"/>
      <line num="170" type="stmt" count="0"/>
      <line num="172" type="stmt" count="0"/>
      <line num="173" type="stmt" count="0"/>
      <line num="185" type="method" name="groupModelsByClass" visibility="private" complexity="3" crap="3" count="32"/>
      <line num="187" type="stmt" count="32"/>
      <line num="189" type="stmt" count="32"/>
      <line num="190" type="stmt" count="32"/>
      <line num="191" type="stmt" count="32"/>
      <line num="192" type="stmt" count="32"/>
      <line num="194" type="stmt" count="32"/>
      <line num="197" type="stmt" count="32"/>
      <line num="207" type="method" name="getDefaultConfig" visibility="private" complexity="1" crap="1" count="123"/>
      <line num="209" type="stmt" count="123"/>
      <line num="210" type="stmt" count="123"/>
      <line num="211" type="stmt" count="123"/>
      <line num="212" type="stmt" count="123"/>
      <line num="213" type="stmt" count="123"/>
      <line num="214" type="stmt" count="123"/>
      <line num="223" type="method" name="setConfig" visibility="public" complexity="1" crap="1" count="23"/>
      <line num="225" type="stmt" count="23"/>
      <line num="233" type="method" name="getConfig" visibility="public" complexity="1" crap="1" count="1"/>
      <line num="235" type="stmt" count="1"/>
      <line num="243" type="method" name="getPerformanceStats" visibility="public" complexity="1" crap="1" count="1"/>
      <line num="246" type="stmt" count="1"/>
      <line num="247" type="stmt" count="1"/>
      <line num="248" type="stmt" count="1"/>
      <line num="249" type="stmt" count="1"/>
      <line num="250" type="stmt" count="1"/>
      <line num="251" type="stmt" count="1"/>
      <line num="252" type="stmt" count="1"/>
      <metrics loc="255" ncloc="168" classes="1" methods="11" coveredmethods="7" conditionals="0" coveredconditionals="0" statements="66" coveredstatements="56" elements="77" coveredelements="63"/>
    </file>
    <file name="/mnt/persist/workspace/src/Relationship/ManyHasMany.php">
      <class name="Anorm\Relationship\ManyHasMany" namespace="global">
        <metrics complexity="17" methods="13" coveredmethods="9" conditionals="0" coveredconditionals="0" statements="64" coveredstatements="40" elements="77" coveredelements="49"/>
      </class>
      <line num="23" type="method" name="__construct" visibility="public" complexity="1" crap="1" count="61"/>
      <line num="25" type="stmt" count="61"/>
      <line num="26" type="stmt" count="61"/>
      <line num="27" type="stmt" count="61"/>
      <line num="28" type="stmt" count="61"/>
      <line num="34" type="method" name="getType" visibility="public" complexity="1" crap="1" count="3"/>
      <line num="36" type="stmt" count="3"/>
      <line num="42" type="method" name="getJoinTable" visibility="public" complexity="1" crap="1" count="2"/>
      <line num="44" type="stmt" count="2"/>
      <line num="50" type="method" name="getJoinForeignKey" visibility="public" complexity="1" crap="1" count="2"/>
      <line num="52" type="stmt" count="2"/>
      <line num="58" type="method" name="getJoinRelatedKey" visibility="public" complexity="1" crap="1" count="2"/>
      <line num="60" type="stmt" count="2"/>
      <line num="70" type="method" name="load" visibility="public" complexity="3" crap="3.00" count="2"/>
      <line num="72" type="stmt" count="2"/>
      <line num="73" type="stmt" count="2"/>
      <line num="75" type="stmt" count="2"/>
      <line num="76" type="stmt" count="0"/>
      <line num="80" type="stmt" count="2"/>
      <line num="81" type="stmt" count="2"/>
      <line num="85" type="stmt" count="2"/>
      <line num="86" type="stmt" count="2"/>
      <line num="87" type="stmt" count="2"/>
      <line num="89" type="stmt" count="2"/>
      <line num="90" type="stmt" count="2"/>
      <line num="92" type="stmt" count="2"/>
      <line num="93" type="stmt" count="1"/>
      <line num="94" type="stmt" count="1"/>
      <line num="95" type="stmt" count="1"/>
      <line num="98" type="stmt" count="2"/>
      <line num="108" type="method" name="generateJoinClause" visibility="public" complexity="1" crap="1" count="1"/>
      <line num="110" type="stmt" count="1"/>
      <line num="111" type="stmt" count="1"/>
      <line num="118" type="method" name="generateForeignKeyConstraints" visibility="public" complexity="1" crap="2" count="0"/>
      <line num="120" type="stmt" count="0"/>
      <line num="121" type="stmt" count="0"/>
      <line num="124" type="stmt" count="0"/>
      <line num="125" type="stmt" count="0"/>
      <line num="126" type="stmt" count="0"/>
      <line num="128" type="stmt" count="0"/>
      <line num="129" type="stmt" count="0"/>
      <line num="130" type="stmt" count="0"/>
      <line num="131" type="stmt" count="0"/>
      <line num="132" type="stmt" count="0"/>
      <line num="133" type="stmt" count="0"/>
      <line num="136" type="stmt" count="0"/>
      <line num="138" type="stmt" count="0"/>
      <line num="139" type="stmt" count="0"/>
      <line num="140" type="stmt" count="0"/>
      <line num="141" type="stmt" count="0"/>
      <line num="142" type="stmt" count="0"/>
      <line num="143" type="stmt" count="0"/>
      <line num="145" type="stmt" count="0"/>
      <line num="151" type="method" name="generateJoinTableSQL" visibility="public" complexity="1" crap="1" count="1"/>
      <line num="153" type="stmt" count="1"/>
      <line num="155" type="stmt" count="1"/>
      <line num="156" type="stmt" count="1"/>
      <line num="157" type="stmt" count="1"/>
      <line num="158" type="stmt" count="1"/>
      <line num="159" type="stmt" count="1"/>
      <line num="160" type="stmt" count="1"/>
      <line num="161" type="stmt" count="1"/>
      <line num="163" type="stmt" count="1"/>
      <line num="174" type="method" name="batchLoad" visibility="public" complexity="1" crap="2" count="0"/>
      <line num="176" type="stmt" count="0"/>
      <line num="177" type="stmt" count="0"/>
      <line num="187" type="method" name="distributeBatchResults" visibility="public" complexity="1" crap="2" count="0"/>
      <line num="189" type="stmt" count="0"/>
      <line num="190" type="stmt" count="0"/>
      <line num="200" type="method" name="estimateDataSize" visibility="public" complexity="3" crap="3" count="1"/>
      <line num="203" type="stmt" count="1"/>
      <line num="204" type="stmt" count="1"/>
      <line num="206" type="stmt" count="1"/>
      <line num="208" type="stmt" count="1"/>
      <line num="211" type="stmt" count="1"/>
      <line num="219" type="method" name="getCardinality" visibility="public" complexity="1" crap="1" count="1"/>
      <line num="221" type="stmt" count="1"/>
      <metrics loc="224" ncloc="147" classes="1" methods="13" coveredmethods="9" conditionals="0" coveredconditionals="0" statements="64" coveredstatements="40" elements="77" coveredelements="49"/>
    </file>
    <file name="/mnt/persist/workspace/src/Relationship/ManyHasOne.php">
      <class name="Anorm\Relationship\ManyHasOne" namespace="global">
        <metrics complexity="12" methods="8" coveredmethods="6" conditionals="0" coveredconditionals="0" statements="36" coveredstatements="24" elements="44" coveredelements="30"/>
      </class>
      <line num="17" type="method" name="getType" visibility="public" complexity="1" crap="1" count="5"/>
      <line num="19" type="stmt" count="5"/>
      <line num="29" type="method" name="load" visibility="public" complexity="3" crap="3.00" count="25"/>
      <line num="31" type="stmt" count="25"/>
      <line num="32" type="stmt" count="25"/>
      <line num="34" type="stmt" count="25"/>
      <line num="35" type="stmt" count="1"/>
      <line num="39" type="stmt" count="24"/>
      <line num="40" type="stmt" count="24"/>
      <line num="44" type="stmt" count="24"/>
      <line num="46" type="stmt" count="24"/>
      <line num="47" type="stmt" count="24"/>
      <line num="49" type="stmt" count="24"/>
      <line num="50" type="stmt" count="0"/>
      <line num="53" type="stmt" count="24"/>
      <line num="54" type="stmt" count="24"/>
      <line num="56" type="stmt" count="24"/>
      <line num="66" type="method" name="generateJoinClause" visibility="public" complexity="1" crap="1" count="1"/>
      <line num="68" type="stmt" count="1"/>
      <line num="75" type="method" name="generateForeignKeyConstraints" visibility="public" complexity="1" crap="2" count="0"/>
      <line num="77" type="stmt" count="0"/>
      <line num="78" type="stmt" count="0"/>
      <line num="79" type="stmt" count="0"/>
      <line num="80" type="stmt" count="0"/>
      <line num="82" type="stmt" count="0"/>
      <line num="83" type="stmt" count="0"/>
      <line num="84" type="stmt" count="0"/>
      <line num="85" type="stmt" count="0"/>
      <line num="86" type="stmt" count="0"/>
      <line num="87" type="stmt" count="0"/>
      <line num="89" type="stmt" count="0"/>
      <line num="100" type="method" name="batchLoad" visibility="public" complexity="1" crap="1" count="3"/>
      <line num="102" type="stmt" count="3"/>
      <line num="103" type="stmt" count="3"/>
      <line num="113" type="method" name="distributeBatchResults" visibility="public" complexity="1" crap="1" count="3"/>
      <line num="115" type="stmt" count="3"/>
      <line num="116" type="stmt" count="3"/>
      <line num="126" type="method" name="estimateDataSize" visibility="public" complexity="3" crap="3" count="1"/>
      <line num="129" type="stmt" count="1"/>
      <line num="131" type="stmt" count="1"/>
      <line num="133" type="stmt" count="1"/>
      <line num="136" type="stmt" count="1"/>
      <line num="144" type="method" name="getCardinality" visibility="public" complexity="1" crap="1" count="2"/>
      <line num="146" type="stmt" count="2"/>
      <metrics loc="149" ncloc="90" classes="1" methods="8" coveredmethods="6" conditionals="0" coveredconditionals="0" statements="36" coveredstatements="24" elements="44" coveredelements="30"/>
    </file>
    <file name="/mnt/persist/workspace/src/Relationship/OneHasMany.php">
      <class name="Anorm\Relationship\OneHasMany" namespace="global">
        <metrics complexity="12" methods="8" coveredmethods="7" conditionals="0" coveredconditionals="0" statements="37" coveredstatements="36" elements="45" coveredelements="43"/>
      </class>
      <line num="17" type="method" name="getType" visibility="public" complexity="1" crap="1" count="6"/>
      <line num="19" type="stmt" count="6"/>
      <line num="29" type="method" name="load" visibility="public" complexity="3" crap="3.00" count="36"/>
      <line num="31" type="stmt" count="36"/>
      <line num="32" type="stmt" count="36"/>
      <line num="34" type="stmt" count="36"/>
      <line num="35" type="stmt" count="0"/>
      <line num="39" type="stmt" count="36"/>
      <line num="40" type="stmt" count="36"/>
      <line num="44" type="stmt" count="36"/>
      <line num="46" type="stmt" count="36"/>
      <line num="47" type="stmt" count="36"/>
      <line num="49" type="stmt" count="36"/>
      <line num="50" type="stmt" count="35"/>
      <line num="51" type="stmt" count="35"/>
      <line num="52" type="stmt" count="35"/>
      <line num="55" type="stmt" count="36"/>
      <line num="65" type="method" name="generateJoinClause" visibility="public" complexity="1" crap="1" count="2"/>
      <line num="67" type="stmt" count="2"/>
      <line num="74" type="method" name="generateForeignKeyConstraints" visibility="public" complexity="1" crap="1" count="1"/>
      <line num="76" type="stmt" count="1"/>
      <line num="77" type="stmt" count="1"/>
      <line num="78" type="stmt" count="1"/>
      <line num="79" type="stmt" count="1"/>
      <line num="81" type="stmt" count="1"/>
      <line num="82" type="stmt" count="1"/>
      <line num="83" type="stmt" count="1"/>
      <line num="84" type="stmt" count="1"/>
      <line num="85" type="stmt" count="1"/>
      <line num="86" type="stmt" count="1"/>
      <line num="88" type="stmt" count="1"/>
      <line num="99" type="method" name="batchLoad" visibility="public" complexity="1" crap="1" count="11"/>
      <line num="101" type="stmt" count="11"/>
      <line num="102" type="stmt" count="11"/>
      <line num="112" type="method" name="distributeBatchResults" visibility="public" complexity="1" crap="1" count="10"/>
      <line num="114" type="stmt" count="10"/>
      <line num="115" type="stmt" count="10"/>
      <line num="125" type="method" name="estimateDataSize" visibility="public" complexity="3" crap="3" count="7"/>
      <line num="128" type="stmt" count="7"/>
      <line num="129" type="stmt" count="7"/>
      <line num="131" type="stmt" count="7"/>
      <line num="133" type="stmt" count="4"/>
      <line num="136" type="stmt" count="7"/>
      <line num="144" type="method" name="getCardinality" visibility="public" complexity="1" crap="1" count="2"/>
      <line num="146" type="stmt" count="2"/>
      <metrics loc="149" ncloc="89" classes="1" methods="8" coveredmethods="7" conditionals="0" coveredconditionals="0" statements="37" coveredstatements="36" elements="45" coveredelements="43"/>
    </file>
    <file name="/mnt/persist/workspace/src/Relationship/Relationship.php">
      <class name="Anorm\Relationship\Relationship" namespace="global">
        <metrics complexity="14" methods="10" coveredmethods="7" conditionals="0" coveredconditionals="0" statements="28" coveredstatements="25" elements="38" coveredelements="32"/>
      </class>
      <line num="29" type="method" name="__construct" visibility="public" complexity="1" crap="1" count="103"/>
      <line num="31" type="stmt" count="103"/>
      <line num="32" type="stmt" count="103"/>
      <line num="33" type="stmt" count="103"/>
      <line num="34" type="stmt" count="103"/>
      <line num="35" type="stmt" count="103"/>
      <line num="38" type="stmt" count="103"/>
      <line num="41" type="stmt" count="103"/>
      <line num="42" type="stmt" count="103"/>
      <line num="43" type="stmt" count="103"/>
      <line num="44" type="stmt" count="103"/>
      <line num="45" type="stmt" count="103"/>
      <line num="51" type="method" name="getRelatedModelClass" visibility="public" complexity="1" crap="1" count="17"/>
      <line num="53" type="stmt" count="17"/>
      <line num="59" type="method" name="getPropertyName" visibility="public" complexity="1" crap="1" count="28"/>
      <line num="61" type="stmt" count="28"/>
      <line num="67" type="method" name="getForeignKey" visibility="public" complexity="1" crap="1" count="19"/>
      <line num="69" type="stmt" count="19"/>
      <line num="75" type="method" name="getPrimaryKey" visibility="public" complexity="1" crap="1" count="22"/>
      <line num="77" type="stmt" count="22"/>
      <line num="83" type="method" name="getOptions" visibility="public" complexity="1" crap="2" count="0"/>
      <line num="85" type="stmt" count="0"/>
      <line num="91" type="method" name="getOption" visibility="public" complexity="2" crap="6" count="0"/>
      <line num="93" type="stmt" count="0"/>
      <line num="99" type="method" name="getConstraintOptions" visibility="public" complexity="1" crap="1" count="5"/>
      <line num="101" type="stmt" count="5"/>
      <line num="169" type="method" name="getConstraintName" visibility="public" complexity="3" crap="3.14" count="1"/>
      <line num="171" type="stmt" count="1"/>
      <line num="172" type="stmt" count="0"/>
      <line num="176" type="stmt" count="1"/>
      <line num="177" type="stmt" count="1"/>
      <line num="183" type="method" name="getTableNameFromModelClass" visibility="protected" complexity="2" crap="2" count="2"/>
      <line num="186" type="stmt" count="2"/>
      <line num="187" type="stmt" count="2"/>
      <line num="190" type="stmt" count="2"/>
      <line num="193" type="stmt" count="2"/>
      <line num="194" type="stmt" count="2"/>
      <line num="197" type="stmt" count="2"/>
      <metrics loc="200" ncloc="111" classes="1" methods="10" coveredmethods="7" conditionals="0" coveredconditionals="0" statements="28" coveredstatements="25" elements="38" coveredelements="32"/>
    </file>
    <file name="/mnt/persist/workspace/src/Relationship/RelationshipManager.php">
      <class name="Anorm\Relationship\RelationshipManager" namespace="global">
        <metrics complexity="15" methods="11" coveredmethods="10" conditionals="0" coveredconditionals="0" statements="22" coveredstatements="21" elements="33" coveredelements="31"/>
      </class>
      <line num="20" type="method" name="__construct" visibility="public" complexity="1" crap="1" count="189"/>
      <line num="22" type="stmt" count="189"/>
      <line num="23" type="stmt" count="189"/>
      <line num="29" type="method" name="hasMany" visibility="public" complexity="1" crap="1" count="102"/>
      <line num="31" type="stmt" count="102"/>
      <line num="32" type="stmt" count="102"/>
      <line num="38" type="method" name="belongsTo" visibility="public" complexity="1" crap="1" count="102"/>
      <line num="40" type="stmt" count="102"/>
      <line num="41" type="stmt" count="102"/>
      <line num="47" type="method" name="hasManyThrough" visibility="public" complexity="1" crap="1" count="60"/>
      <line num="49" type="stmt" count="60"/>
      <line num="50" type="stmt" count="60"/>
      <line num="56" type="method" name="loadRelated" visibility="public" complexity="2" crap="2" count="44"/>
      <line num="58" type="stmt" count="44"/>
      <line num="59" type="stmt" count="1"/>
      <line num="62" type="stmt" count="43"/>
      <line num="63" type="stmt" count="43"/>
      <line num="66" type="stmt" count="43"/>
      <line num="68" type="stmt" count="43"/>
      <line num="74" type="method" name="loadAllRelated" visibility="public" complexity="2" crap="2" count="3"/>
      <line num="76" type="stmt" count="3"/>
      <line num="77" type="stmt" count="3"/>
      <line num="84" type="method" name="getRelationship" visibility="public" complexity="2" crap="2" count="61"/>
      <line num="86" type="stmt" count="61"/>
      <line num="92" type="method" name="getAllRelationships" visibility="public" complexity="1" crap="1" count="1"/>
      <line num="94" type="stmt" count="1"/>
      <line num="100" type="method" name="getRelationships" visibility="public" complexity="1" crap="1" count="9"/>
      <line num="102" type="stmt" count="9"/>
      <line num="108" type="method" name="hasRelationship" visibility="public" complexity="1" crap="2" count="0"/>
      <line num="110" type="stmt" count="0"/>
      <line num="116" type="method" name="clearRelationships" visibility="public" complexity="2" crap="2" count="1"/>
      <line num="118" type="stmt" count="1"/>
      <line num="119" type="stmt" count="1"/>
      <metrics loc="123" ncloc="85" classes="1" methods="11" coveredmethods="10" conditionals="0" coveredconditionals="0" statements="22" coveredstatements="21" elements="33" coveredelements="31"/>
    </file>
    <file name="/mnt/persist/workspace/src/Relationship/Strategy/DataSizeEstimator.php">
[...]
      <line num="170" type="stmt" count="1"/>
      <line num="171" type="stmt" count="1"/>
      <line num="177" type="method" name="getDefaultConfig" visibility="private" complexity="1" crap="1" count="138"/>
      <line num="179" type="stmt" count="138"/>
      <line num="180" type="stmt" count="138"/>
      <line num="181" type="stmt" count="138"/>
      <line num="182" type="stmt" count="138"/>
      <line num="183" type="stmt" count="138"/>
      <line num="184" type="stmt" count="138"/>
      <line num="185" type="stmt" count="138"/>
      <line num="191" type="method" name="setConfig" visibility="public" complexity="1" crap="1" count="2"/>
      <line num="193" type="stmt" count="2"/>
      <line num="199" type="method" name="getConfig" visibility="public" complexity="1" crap="1" count="1"/>
      <line num="201" type="stmt" count="1"/>
      <metrics loc="204" ncloc="144" classes="1" methods="11" coveredmethods="9" conditionals="0" coveredconditionals="0" statements="71" coveredstatements="69" elements="82" coveredelements="78"/>
    </file>
    <file name="/mnt/persist/workspace/src/SqlCondition.php">
      <class name="Anorm\SqlCondition" namespace="global">
        <metrics complexity="9" methods="8" coveredmethods="8" conditionals="0" coveredconditionals="0" statements="11" coveredstatements="11" elements="19" coveredelements="19"/>
      </class>
      <line num="14" type="method" name="__construct" visibility="public" complexity="1" crap="1" count="52"/>
      <line num="16" type="stmt" count="52"/>
      <line num="17" type="stmt" count="52"/>
      <line num="20" type="method" name="getSql" visibility="public" complexity="1" crap="1" count="50"/>
      <line num="22" type="stmt" count="50"/>
      <line num="25" type="method" name="getBindings" visibility="public" complexity="1" crap="1" count="41"/>
      <line num="27" type="stmt" count="41"/>
      <line num="33" type="method" name="combine" visibility="public" complexity="1" crap="1" count="12"/>
      <line num="35" type="stmt" count="12"/>
      <line num="36" type="stmt" count="12"/>
      <line num="38" type="stmt" count="12"/>
      <line num="44" type="method" name="wrap" visibility="public" complexity="1" crap="1" count="1"/>
      <line num="46" type="stmt" count="1"/>
      <line num="52" type="method" name="empty" visibility="public" complexity="1" crap="1" count="4"/>
      <line num="54" type="stmt" count="4"/>
      <line num="60" type="method" name="never" visibility="public" complexity="1" crap="1" count="3"/>
      <line num="62" type="stmt" count="3"/>
      <line num="68" type="method" name="isEmpty" visibility="public" complexity="2" crap="2" count="49"/>
      <line num="70" type="stmt" count="49"/>
      <metrics loc="73" ncloc="54" classes="1" methods="8" coveredmethods="8" conditionals="0" coveredconditionals="0" statements="11" coveredstatements="11" elements="19" coveredelements="19"/>
    </file>
    <file name="/mnt/persist/workspace/src/TableMaker.php">
      <class name="Anorm\TableMaker" namespace="global">
        <metrics complexity="49" methods="16" coveredmethods="5" conditionals="0" coveredconditionals="0" statements="135" coveredstatements="51" elements="151" coveredelements="56"/>
      </class>
      <line num="7" type="method" name="fix" visibility="public" complexity="1" crap="1" count="8"/>
      <line num="10" type="stmt" count="8"/>
      <line num="11" type="stmt" count="8"/>
      <line num="23" type="method" name="__construct" visibility="public" complexity="1" crap="1" count="8"/>
      <line num="25" type="stmt" count="8"/>
      <line num="26" type="stmt" count="8"/>
      <line num="27" type="stmt" count="8"/>
      <line num="30" type="method" name="_fix" visibility="private" complexity="6" crap="11.46" count="8"/>
      <line num="32" type="stmt" count="8"/>
      <line num="33" type="stmt" count="8"/>
      <line num="34" type="stmt" count="3"/>
      <line num="35" type="stmt" count="2"/>
      <line num="36" type="stmt" count="7"/>
      <line num="37" type="stmt" count="7"/>
      <line num="38" type="stmt" count="6"/>
      <line num="39" type="stmt" count="0"/>
      <line num="40" type="stmt" count="0"/>
      <line num="41" type="stmt" count="0"/>
      <line num="42" type="stmt" count="0"/>
      <line num="43" type="stmt" count="0"/>
      <line num="44" type="stmt" count="0"/>
      <line num="46" type="stmt" count="0"/>
      <line num="48" type="stmt" count="0"/>
      <line num="52" type="method" name="createTable" visibility="private" complexity="2" crap="2" count="3"/>
      <line num="55" type="stmt" count="3"/>
      <line num="56" type="stmt" count="3"/>
      <line num="57" type="stmt" count="1"/>
      <line num="59" type="stmt" count="2"/>
      <line num="67" type="stmt" count="2"/>
      <line num="69" type="stmt" count="2"/>
      <line num="70" type="stmt" count="2"/>
      <line num="74" type="stmt" count="2"/>
      <line num="77" type="method" name="createColumn" visibility="private" complexity="3" crap="3" count="7"/>
      <line num="80" type="stmt" count="7"/>
      <line num="81" type="stmt" count="7"/>
      <line num="82" type="stmt" count="1"/>
      <line num="84" type="stmt" count="6"/>
      <line num="87" type="stmt" count="6"/>
      <line num="88" type="stmt" count="6"/>
      <line num="90" type="stmt" count="5"/>
      <line num="91" type="stmt" count="5"/>
      <line num="92" type="stmt" count="5"/>
      <line num="94" type="stmt" count="6"/>
      <line num="95" type="stmt" count="6"/>
      <line num="96" type="stmt" count="6"/>
      <line num="97" type="stmt" count="6"/>
      <line num="103" type="method" name="handleForeignKeyConstraint" visibility="private" complexity="2" crap="6" count="0"/>
      <line num="106" type="stmt" count="0"/>
      <line num="107" type="stmt" count="0"/>
      <line num="110" type="stmt" count="0"/>
      <line num="117" type="method" name="createMissingForeignKeyConstraints" visibility="private" complexity="5" crap="30" count="0"/>
      <line num="119" type="stmt" count="0"/>
      <line num="120" type="stmt" count="0"/>
      <line num="123" type="stmt" count="0"/>
      <line num="124" type="stmt" count="0"/>
      <line num="125" type="stmt" count="0"/>
      <line num="129" type="stmt" count="0"/>
      <line num="131" type="stmt" count="0"/>
      <line num="132" type="stmt" count="0"/>
      <line num="139" type="method" name="createForeignKeyConstraintsFromModel" visibility="private" complexity="5" crap="15.55" count="2"/>
      <line num="141" type="stmt" count="2"/>
      <line num="142" type="stmt" count="2"/>
      <line num="145" type="stmt" count="0"/>
      <line num="146" type="stmt" count="0"/>
      <line num="147" type="stmt" count="0"/>
      <line num="151" type="stmt" count="0"/>
      <line num="153" type="stmt" count="0"/>
      <line num="154" type="stmt" count="0"/>
      <line num="161" type="method" name="createForeignKeyFromRelationship" visibility="private" complexity="3" crap="12" count="0"/>
      <line num="163" type="stmt" count="0"/>
      <line num="165" type="stmt" count="0"/>
      <line num="167" type="stmt" count="0"/>
      <line num="168" type="stmt" count="0"/>
      <line num="169" type="stmt" count="0"/>
      <line num="170" type="stmt" count="0"/>
      <line num="171" type="stmt" count="0"/>
      <line num="172" type="stmt" count="0"/>
      <line num="173" type="stmt" count="0"/>
      <line num="174" type="stmt" count="0"/>
      <line num="176" type="stmt" count="0"/>
      <line num="177" type="stmt" count="0"/>
      <line num="178" type="stmt" count="0"/>
      <line num="179" type="stmt" count="0"/>
      <line num="180" type="stmt" count="0"/>
      <line num="181" type="stmt" count="0"/>
      <line num="182" type="stmt" count="0"/>
      <line num="191" type="method" name="createForeignKey" visibility="private" complexity="3" crap="12" count="0"/>
      <line num="193" type="stmt" count="0"/>
      <line num="194" type="stmt" count="0"/>
      <line num="195" type="stmt" count="0"/>
      <line num="198" type="stmt" count="0"/>
      <line num="199" type="stmt" count="0"/>
      <line num="203" type="stmt" count="0"/>
      <line num="206" type="stmt" count="0"/>
      <line num="209" type="stmt" count="0"/>
      <line num="211" type="stmt" count="0"/>
      <line num="212" type="stmt" count="0"/>
      <line num="213" type="stmt" count="0"/>
      <line num="214" type="stmt" count="0"/>
      <line num="215" type="stmt" count="0"/>
      <line num="216" type="stmt" count="0"/>
      <line num="219" type="stmt" count="0"/>
      <line num="220" type="stmt" count="0"/>
      <line num="223" type="stmt" count="0"/>
      <line num="230" type="method" name="foreignKeyExists" visibility="private" complexity="1" crap="2" count="0"/>
      <line num="232" type="stmt" count="0"/>
      <line num="237" type="stmt" count="0"/>
      <line num="239" type="stmt" count="0"/>
      <line num="240" type="stmt" count="0"/>
      <line num="241" type="stmt" count="0"/>
      <line num="243" type="stmt" count="0"/>
      <line num="249" type="method" name="ensureTableExists" visibility="private" complexity="1" crap="2" count="0"/>
      <line num="251" type="stmt" count="0"/>
      <line num="253" type="stmt" count="0"/>
      <line num="254" type="stmt" count="0"/>
      <line num="260" type="method" name="ensureColumnExists" visibility="private" complexity="2" crap="6" count="0"/>
      <line num="263" type="stmt" count="0"/>
      <line num="267" type="stmt" count="0"/>
      <line num="269" type="stmt" count="0"/>
      <line num="270" type="stmt" count="0"/>
      <line num="271" type="stmt" count="0"/>
      <line num="273" type="stmt" count="0"/>
      <line num="275" type="stmt" count="0"/>
      <line num="276" type="stmt" count="0"/>
      <line num="277" type="stmt" count="0"/>
      <line num="284" type="method" name="getColumnDefinitionForForeignKey" visibility="private" complexity="1" crap="2" count="0"/>
      <line num="287" type="stmt" count="0"/>
      <line num="293" type="method" name="getTableNameFromModelClass" visibility="private" complexity="2" crap="6" count="0"/>
      <line num="296" type="stmt" count="0"/>
      <line num="297" type="stmt" count="0"/>
      <line num="300" type="stmt" count="0"/>
      <line num="303" type="stmt" count="0"/>
      <line num="304" type="stmt" count="0"/>
      <line num="307" type="stmt" count="0"/>
      <line num="310" type="method" name="columnDefinition" visibility="public" complexity="11" crap="11" count="11"/>
      <line num="312" type="stmt" count="11"/>
      <line num="313" type="stmt" count="10"/>
      <line num="314" type="stmt" count="4"/>
      <line num="315" type="stmt" count="1"/>
      <line num="317" type="stmt" count="3"/>
      <line num="318" type="stmt" count="1"/>
      <line num="321" type="stmt" count="8"/>
      <line num="322" type="stmt" count="1"/>
      <line num="324" type="stmt" count="7"/>
      <line num="325" type="stmt" count="7"/>
      <line num="326" type="stmt" count="1"/>
      <line num="328" type="stmt" count="7"/>
      <line num="329" type="stmt" count="1"/>
      <line num="331" type="stmt" count="6"/>
      <line num="332" type="stmt" count="1"/>
      <line num="336" type="stmt" count="6"/>
      <metrics loc="339" ncloc="266" classes="1" methods="16" coveredmethods="5" conditionals="0" coveredconditionals="0" statements="135" coveredstatements="51" elements="151" coveredelements="56"/>
    </file>
    <file name="/mnt/persist/workspace/src/Transform/FunctionTransform.php">
      <class name="Anorm\Transform\FunctionTransform" namespace="global">
        <metrics complexity="3" methods="3" coveredmethods="3" conditionals="0" coveredconditionals="0" statements="4" coveredstatements="4" elements="7" coveredelements="7"/>
      </class>
      <line num="15" type="method" name="__construct" visibility="public" complexity="1" crap="1" count="83"/>
      <line num="17" type="stmt" count="83"/>
      <line num="18" type="stmt" count="83"/>
      <line num="21" type="method" name="txDatabaseToModel" visibility="public" complexity="1" crap="1" count="37"/>
      <line num="23" type="stmt" count="37"/>
      <line num="26" type="method" name="txModelToDatabase" visibility="public" complexity="1" crap="1" count="36"/>
      <line num="28" type="stmt" count="36"/>
      <metrics loc="31" ncloc="29" classes="1" methods="3" coveredmethods="3" conditionals="0" coveredconditionals="0" statements="4" coveredstatements="4" elements="7" coveredelements="7"/>
    </file>
    <file name="/mnt/persist/workspace/src/Transform/JsonArrayTransform.php">
      <class name="Anorm\Transform\JsonArrayTransform" namespace="global">
        <metrics complexity="2" methods="2" coveredmethods="2" conditionals="0" coveredconditionals="0" statements="2" coveredstatements="2" elements="4" coveredelements="4"/>
      </class>
      <line num="9" type="method" name="txDatabaseToModel" visibility="public" complexity="1" crap="1" count="1"/>
      <line num="11" type="stmt" count="1"/>
      <line num="14" type="method" name="txModelToDatabase" visibility="public" complexity="1" crap="1" count="1"/>
      <line num="16" type="stmt" count="1"/>
      <metrics loc="19" ncloc="19" classes="1" methods="2" coveredmethods="2" conditionals="0" coveredconditionals="0" statements="2" coveredstatements="2" elements="4" coveredelements="4"/>
    </file>
    <file name="/mnt/persist/workspace/src/Transform/SqlDateTimeTransform.php">
      <class name="Anorm\Transform\SqlDateTimeTransform" namespace="global">
        <metrics complexity="5" methods="3" coveredmethods="3" conditionals="0" coveredconditionals="0" statements="3" coveredstatements="3" elements="6" coveredelements="6"/>
      </class>
      <line num="13" type="method" name="__construct" visibility="public" complexity="1" crap="1" count="1"/>
      <line num="15" type="stmt" count="1"/>
      <line num="18" type="method" name="txDatabaseToModel" visibility="public" complexity="2" crap="2" count="1"/>
      <line num="20" type="stmt" count="1"/>
      <line num="23" type="method" name="txModelToDatabase" visibility="public" complexity="2" crap="2" count="1"/>
      <line num="25" type="stmt" count="1"/>
      <metrics loc="28" ncloc="26" classes="1" methods="3" coveredmethods="3" conditionals="0" coveredconditionals="0" statements="3" coveredstatements="3" elements="6" coveredelements="6"/>
    </file>
    <file name="/mnt/persist/workspace/src/TransformInterface.php">
      <metrics loc="11" ncloc="11" classes="0" methods="0" coveredmethods="0" conditionals="0" coveredconditionals="0" statements="0" coveredstatements="0" elements="0" coveredelements="0"/>
    </file>
    <file name="/mnt/persist/workspace/tools/src/ModelInfo.php">
      <class name="Anorm\Tools\ModelInfo" namespace="global">
        <metrics complexity="0" methods="0" coveredmethods="0" conditionals="0" coveredconditionals="0" statements="0" coveredstatements="0" elements="0" coveredelements="0"/>
      </class>
      <metrics loc="13" ncloc="11" classes="0" methods="0" coveredmethods="0" conditionals="0" coveredconditionals="0" statements="0" coveredstatements="0" elements="0" coveredelements="0"/>
    </file>
    <file name="/mnt/persist/workspace/tools/src/ModelMaker.php">
      <class name="Anorm\Tools\ModelMaker" namespace="global">
        <metrics complexity="19" methods="8" coveredmethods="8" conditionals="0" coveredconditionals="0" statements="53" coveredstatements="53" elements="61" coveredelements="61"/>
      </class>
      <line num="26" type="method" name="__construct" visibility="public" complexity="3" crap="3" count="8"/>
      <line num="28" type="stmt" count="8"/>
      <line num="30" type="stmt" count="2"/>
      <line num="32" type="stmt" count="8"/>
      <line num="33" type="stmt" count="8"/>
      <line num="34" type="stmt" count="8"/>
      <line num="41" type="method" name="modelInfoFromDatabase" visibility="public" complexity="3" crap="3" count="2"/>
      <line num="43" type="stmt" count="2"/>
      <line num="44" type="stmt" count="2"/>
      <line num="45" type="stmt" count="1"/>
      <line num="46" type="stmt" count="1"/>
      <line num="48" type="stmt" count="1"/>
      <line num="49" type="stmt" count="1"/>
      <line num="50" type="stmt" count="1"/>
      <line num="51" type="stmt" count="1"/>
      <line num="53" type="stmt" count="1"/>
      <line num="56" type="stmt" count="1"/>
      <line num="59" type="method" name="lowerCamelCase" visibility="public" complexity="1" crap="1" count="2"/>
      <line num="61" type="stmt" count="2"/>
      <line num="62" type="stmt" count="2"/>
      <line num="63" type="stmt" count="2"/>
      <line num="64" type="stmt" count="2"/>
      <line num="67" type="method" name="upperCamelCase" visibility="public" complexity="1" crap="1" count="6"/>
      <line num="69" type="stmt" count="6"/>
      <line num="70" type="stmt" count="6"/>
      <line num="71" type="stmt" count="6"/>
      <line num="72" type="stmt" count="6"/>
      <line num="75" type="method" name="fileName" visibility="public" complexity="1" crap="1" count="1"/>
      <line num="77" type="stmt" count="1"/>
      <line num="80" type="method" name="modelName" visibility="public" complexity="1" crap="1" count="5"/>
      <line num="82" type="stmt" count="5"/>
      <line num="85" type="method" name="writeModelAsString" visibility="public" complexity="5" crap="5" count="5"/>
      <line num="88" type="stmt" count="5"/>
      <line num="90" type="stmt" count="2"/>
      <line num="93" type="stmt" count="4"/>
      <line num="94" type="stmt" count="4"/>
      <line num="96" type="stmt" count="4"/>
      <line num="97" type="stmt" count="4"/>
      <line num="98" type="stmt" count="4"/>
      <line num="101" type="stmt" count="4"/>
      <line num="102" type="stmt" count="4"/>
      <line num="104" type="stmt" count="1"/>
      <line num="107" type="stmt" count="4"/>
      <line num="108" type="stmt" count="4"/>
      <line num="110" type="stmt" count="4"/>
      <line num="111" type="stmt" count="4"/>
      <line num="112" type="stmt" count="4"/>
      <line num="117" type="stmt" count="4"/>
      <line num="122" type="stmt" count="4"/>
      <line num="126" type="stmt" count="4"/>
      <line num="128" type="stmt" count="4"/>
      <line num="129" type="stmt" count="4"/>
      <line num="132" type="method" name="writeModelAsFile" visibility="public" complexity="4" crap="4" count="4"/>
      <line num="134" type="stmt" count="4"/>
      <line num="136" type="stmt" count="1"/>
      <line num="138" type="stmt" count="3"/>
      <line num="139" type="stmt" count="3"/>
      <line num="141" type="stmt" count="1"/>
      <line num="143" type="stmt" count="2"/>
      <line num="144" type="stmt" count="2"/>
      <line num="145" type="stmt" count="2"/>
      <metrics loc="148" ncloc="133" classes="1" methods="8" coveredmethods="8" conditionals="0" coveredconditionals="0" statements="53" coveredstatements="53" elements="61" coveredelements="61"/>
    </file>
    <file name="/mnt/persist/workspace/tools/src/ModelMakerOptions.php">
      <class name="Anorm\Tools\ModelMakerOptions" namespace="global">
        <metrics complexity="0" methods="0" coveredmethods="0" conditionals="0" coveredconditionals="0" statements="0" coveredstatements="0" elements="0" coveredelements="0"/>
      </class>
      <metrics loc="11" ncloc="9" classes="0" methods="0" coveredmethods="0" conditionals="0" coveredconditionals="0" statements="0" coveredstatements="0" elements="0" coveredelements="0"/>
    </file>
    <metrics files="29" loc="4888" ncloc="3460" classes="24" methods="255" coveredmethods="204" conditionals="0" coveredconditionals="0" statements="1472" coveredstatements="1238" elements="1727" coveredelements="1442"/>
  </project>
</coverage>
